[16:55:19] [Client thread/INFO]: Environment: ElyEnvironment[name=ely,authHost=https://authserver.ely.by/auth,accountsHost=https://account.ely.by/api/mojang,sessionHost=https://account.ely.by/api/minecraft/session,servicesHost=<null>]
[16:55:19] [Client thread/INFO]: [CertJavaAgent] JRE trust store doesn't contain Cert{CN=ISRG Root X1,O=Internet Security Research Group,C=US,SHA-1:cabd2a79a1076a31f21d253635cb039d4329a5e8,SHA-256:96bcec06264976f37460779acf28c5a7cfe8a3c0aae11a8ffcee05c0bddf08c6}
[16:55:19] [Client thread/INFO]: [CertJavaAgent] Will use updated KeyStore that includes missing certificates
[16:55:19] [Client thread/INFO]: Setting user: SwaimX
[16:55:23] [Client thread/INFO]: [OptiFine] *** Reflector Forge ***
[16:55:23] [Client thread/INFO]: [OptiFine] (Reflector) Class not present: net.minecraftforge.client.model.Attributes
[16:55:23] [Client thread/INFO]: [OptiFine] (Reflector) Class not present: mods.betterfoliage.client.BetterFoliageClient
[16:55:23] [Client thread/INFO]: [OptiFine] (Reflector) Class not present: net.minecraftforge.fml.common.asm.transformers.BlamingTransformer
[16:55:23] [Client thread/INFO]: [OptiFine] (Reflector) Class not present: net.minecraftforge.event.world.ChunkWatchEvent$UnWatch
[16:55:23] [Client thread/INFO]: [OptiFine] (Reflector) Class not present: net.minecraftforge.fml.relauncher.CoreModManager
[16:55:23] [Client thread/INFO]: [OptiFine] (Reflector) Class not present: net.minecraftforge.common.DimensionManager
[16:55:23] [Client thread/INFO]: [OptiFine] (Reflector) Class not present: net.minecraftforge.client.event.GuiScreenEvent$DrawScreenEvent$Pre
[16:55:23] [Client thread/INFO]: [OptiFine] (Reflector) Class not present: net.minecraftforge.client.event.GuiScreenEvent$DrawScreenEvent$Post
[16:55:23] [Client thread/INFO]: [OptiFine] (Reflector) Class not present: net.minecraftforge.client.event.EntityViewRenderEvent$CameraSetup
[16:55:23] [Client thread/INFO]: [OptiFine] (Reflector) Class not present: net.minecraftforge.client.event.EntityViewRenderEvent$FogColors
[16:55:23] [Client thread/INFO]: [OptiFine] (Reflector) Class not present: net.minecraftforge.client.event.EntityViewRenderEvent$RenderFogEvent
[16:55:23] [Client thread/INFO]: [OptiFine] (Reflector) Class not present: net.minecraftforge.fml.common.eventhandler.Event
[16:55:23] [Client thread/INFO]: [OptiFine] (Reflector) Class not present: net.minecraftforge.fml.common.eventhandler.EventBus
[16:55:23] [Client thread/INFO]: [OptiFine] (Reflector) Class not present: net.minecraftforge.fml.common.eventhandler.Event$Result
[16:55:23] [Client thread/INFO]: [OptiFine] (Reflector) Class not present: net.minecraftforge.common.property.ExtendedBlockState
[16:55:23] [Client thread/INFO]: [OptiFine] (Reflector) Class not present: net.minecraftforge.fml.client.FMLClientHandler
[16:55:23] [Client thread/INFO]: [OptiFine] (Reflector) Class not present: net.minecraftforge.fml.common.FMLCommonHandler
[16:55:23] [Client thread/INFO]: [OptiFine] (Reflector) Method not present: net.minecraft.world.biome.Biome.getWaterColorMultiplier
[16:55:23] [Client thread/INFO]: [OptiFine] (Reflector) Method not present: net.minecraft.block.Block.addDestroyEffects
[16:55:23] [Client thread/INFO]: [OptiFine] (Reflector) Method not present: net.minecraft.block.Block.addHitEffects
[16:55:23] [Client thread/INFO]: [OptiFine] (Reflector) Method not present: net.minecraft.block.Block.canCreatureSpawn
[16:55:23] [Client thread/INFO]: [OptiFine] (Reflector) Method not present: net.minecraft.block.Block.canRenderInLayer
[16:55:23] [Client thread/INFO]: [OptiFine] (Reflector) Method not present: net.minecraft.block.Block.doesSideBlockRendering
[16:55:23] [Client thread/INFO]: [OptiFine] (Reflector) Method not present: net.minecraft.block.Block.getBedDirection
[16:55:23] [Client thread/INFO]: [OptiFine] (Reflector) Method not present: net.minecraft.block.Block.getExtendedState
[16:55:23] [Client thread/INFO]: [OptiFine] (Reflector) Method not present: net.minecraft.block.Block.getFogColor
[16:55:23] [Client thread/INFO]: [OptiFine] (Reflector) Method not present: net.minecraft.block.Block.getLightOpacity
[16:55:23] [Client thread/INFO]: [OptiFine] (Reflector) Method not present: net.minecraft.block.Block.getLightValue
[16:55:23] [Client thread/INFO]: [OptiFine] (Reflector) Method not present: net.minecraft.block.Block.getSoundType
[16:55:23] [Client thread/INFO]: [OptiFine] (Reflector) Method not present: net.minecraft.block.Block.hasTileEntity
[16:55:23] [Client thread/INFO]: [OptiFine] (Reflector) Method not present: net.minecraft.block.Block.isAir
[16:55:23] [Client thread/INFO]: [OptiFine] (Reflector) Method not present: net.minecraft.block.Block.isBed
[16:55:23] [Client thread/INFO]: [OptiFine] (Reflector) Method not present: net.minecraft.block.Block.isBedFoot
[16:55:23] [Client thread/INFO]: [OptiFine] (Reflector) Method not present: net.minecraft.block.Block.isSideSolid
[16:55:23] [Client thread/INFO]: [OptiFine] (Reflector) Method not present: net.minecraft.block.state.IBlockProperties.getLightValue
[16:55:23] [Client thread/INFO]: [OptiFine] (Reflector) Method not present: net.minecraft.world.ChunkCache.isSideSolid
[16:55:23] [Client thread/INFO]: [OptiFine] (Reflector) Method not present: net.minecraft.entity.Entity.canRiderInteract
[16:55:23] [Client thread/INFO]: [OptiFine] (Reflector) Field not present: net.minecraft.entity.Entity.captureDrops
[16:55:23] [Client thread/INFO]: [OptiFine] (Reflector) Field not present: net.minecraft.entity.Entity.capturedDrops
[16:55:23] [Client thread/INFO]: [OptiFine] (Reflector) Method not present: net.minecraft.entity.Entity.shouldRenderInPass
[16:55:23] [Client thread/INFO]: [OptiFine] (Reflector) Method not present: net.minecraft.entity.Entity.shouldRiderSit
[16:55:23] [Client thread/INFO]: [OptiFine] (Reflector) Class not present: net.minecraftforge.event.ForgeEventFactory
[16:55:23] [Client thread/INFO]: [OptiFine] (Reflector) Class not present: net.minecraftforge.common.ForgeHooks
[16:55:23] [Client thread/INFO]: [OptiFine] (Reflector) Class not present: net.minecraftforge.client.ForgeHooksClient
[16:55:23] [Client thread/INFO]: [OptiFine] (Reflector) Field not present: net.minecraft.item.Item.delegate
[16:55:23] [Client thread/INFO]: [OptiFine] (Reflector) Method not present: net.minecraft.item.Item.getDurabilityForDisplay
[16:55:23] [Client thread/INFO]: [OptiFine] (Reflector) Method not present: net.minecraft.item.Item.getRGBDurabilityForDisplay
[16:55:23] [Client thread/INFO]: [OptiFine] (Reflector) Method not present: net.minecraft.item.Item.isShield
[16:55:23] [Client thread/INFO]: [OptiFine] (Reflector) Method not present: net.minecraft.item.Item.onEntitySwing
[16:55:23] [Client thread/INFO]: [OptiFine] (Reflector) Method not present: net.minecraft.item.Item.shouldCauseReequipAnimation
[16:55:23] [Client thread/INFO]: [OptiFine] (Reflector) Method not present: net.minecraft.item.Item.showDurabilityBar
[16:55:23] [Client thread/INFO]: [OptiFine] (Reflector) Method not present: net.minecraft.client.renderer.block.model.ItemOverrideList.handleItemState
[16:55:23] [Client thread/INFO]: [OptiFine] (Reflector) Method not present: net.minecraft.item.ItemArmor.hasOverlay
[16:55:23] [Client thread/INFO]: [OptiFine] (Reflector) Method not present: net.minecraft.client.settings.KeyBinding.setKeyConflictContext
[16:55:23] [Client thread/INFO]: [OptiFine] (Reflector) Method not present: net.minecraft.client.settings.KeyBinding.setKeyModifierAndCode
[16:55:23] [Client thread/INFO]: [OptiFine] (Reflector) Method not present: net.minecraft.client.settings.KeyBinding.getKeyModifier
[16:55:23] [Client thread/INFO]: [OptiFine] (Reflector) Class not present: net.minecraftforge.common.ForgeModContainer
[16:55:23] [Client thread/INFO]: [OptiFine] (Reflector) Method not present: net.minecraft.client.renderer.block.model.ModelBlockDefinition.parseFromReader
[16:55:23] [Client thread/INFO]: [OptiFine] (Reflector) Method not present: net.minecraft.potion.Potion.shouldRenderHUD
[16:55:23] [Client thread/INFO]: [OptiFine] (Reflector) Method not present: net.minecraft.potion.Potion.renderHUDEffect
[16:55:23] [Client thread/INFO]: [OptiFine] (Reflector) Method not present: net.minecraft.potion.PotionEffect.isCurativeItem
[16:55:23] [Client thread/INFO]: [OptiFine] (Reflector) Method not present: net.minecraft.tileentity.TileEntity.canRenderBreaking
[16:55:23] [Client thread/INFO]: [OptiFine] (Reflector) Method not present: net.minecraft.tileentity.TileEntity.getRenderBoundingBox
[16:55:23] [Client thread/INFO]: [OptiFine] (Reflector) Method not present: net.minecraft.tileentity.TileEntity.hasFastRenderer
[16:55:23] [Client thread/INFO]: [OptiFine] (Reflector) Method not present: net.minecraft.tileentity.TileEntity.shouldRenderInPass
[16:55:23] [Client thread/INFO]: [OptiFine] (Reflector) Method not present: net.minecraft.client.renderer.vertex.VertexFormatElement$EnumUsage.preDraw
[16:55:23] [Client thread/INFO]: [OptiFine] (Reflector) Method not present: net.minecraft.client.renderer.vertex.VertexFormatElement$EnumUsage.postDraw
[16:55:23] [Client thread/INFO]: [OptiFine] (Reflector) Method not present: net.minecraft.world.World.countEntities
[16:55:23] [Client thread/INFO]: [OptiFine] (Reflector) Method not present: net.minecraft.world.World.getPerWorldStorage
[16:55:23] [Client thread/INFO]: [OptiFine] (Reflector) Method not present: net.minecraft.world.World.initCapabilities
[16:55:23] [Client thread/INFO]: [OptiFine] (Reflector) Method not present: net.minecraft.world.WorldProvider.getCloudRenderer
[16:55:23] [Client thread/INFO]: [OptiFine] (Reflector) Method not present: net.minecraft.world.WorldProvider.getSkyRenderer
[16:55:23] [Client thread/INFO]: [OptiFine] (Reflector) Method not present: net.minecraft.world.WorldProvider.getWeatherRenderer
[16:55:23] [Client thread/INFO]: [OptiFine] (Reflector) Method not present: net.minecraft.world.WorldProvider.getLightmapColors
[16:55:23] [Client thread/INFO]: [OptiFine] (Reflector) Class not present: net.minecraftforge.fml.client.GuiModList
[16:55:23] [Client thread/INFO]: [OptiFine] (Reflector) Class not present: net.minecraftforge.common.property.IExtendedBlockState
[16:55:23] [Client thread/INFO]: [OptiFine] (Reflector) Class not present: net.minecraftforge.client.model.IModel
[16:55:23] [Client thread/INFO]: [OptiFine] (Reflector) Class not present: net.minecraftforge.client.IRenderHandler
[16:55:23] [Client thread/INFO]: [OptiFine] (Reflector) Class not present: net.minecraftforge.client.ItemModelMesherForge
[16:55:23] [Client thread/INFO]: [OptiFine] (Reflector) Class not present: net.minecraftforge.client.settings.KeyConflictContext
[16:55:23] [Client thread/INFO]: [OptiFine] (Reflector) Class not present: net.minecraftforge.client.settings.KeyModifier
[16:55:23] [Client thread/INFO]: [OptiFine] (Reflector) Class not present: net.minecraft.launchwrapper.Launch
[16:55:23] [Client thread/INFO]: [OptiFine] (Reflector) Class not present: net.minecraftforge.client.model.pipeline.LightUtil
[16:55:23] [Client thread/INFO]: [OptiFine] (Reflector) Class not present: net.minecraftforge.common.MinecraftForge
[16:55:23] [Client thread/INFO]: [OptiFine] (Reflector) Class not present: net.minecraftforge.client.MinecraftForgeClient
[16:55:23] [Client thread/INFO]: [OptiFine] (Reflector) Class not present: net.minecraftforge.client.model.ModelLoader
[16:55:23] [Client thread/INFO]: [OptiFine] (Reflector) Class not present: net.minecraftforge.client.gui.NotificationModUpdateScreen
[16:55:23] [Client thread/INFO]: [OptiFine] (Reflector) Class not present: net.minecraftforge.client.event.RenderBlockOverlayEvent$OverlayType
[16:55:23] [Client thread/INFO]: [OptiFine] (Reflector) Class not present: net.minecraftforge.fml.client.registry.RenderingRegistry
[16:55:23] [Client thread/INFO]: [OptiFine] (Reflector) Class not present: net.minecraftforge.client.event.RenderItemInFrameEvent
[16:55:23] [Client thread/INFO]: [OptiFine] (Reflector) Class not present: net.minecraftforge.client.event.RenderLivingEvent$Pre
[16:55:23] [Client thread/INFO]: [OptiFine] (Reflector) Class not present: net.minecraftforge.client.event.RenderLivingEvent$Post
[16:55:23] [Client thread/INFO]: [OptiFine] (Reflector) Class not present: net.minecraftforge.client.event.RenderLivingEvent$Specials$Pre
[16:55:23] [Client thread/INFO]: [OptiFine] (Reflector) Class not present: net.minecraftforge.client.event.RenderLivingEvent$Specials$Post
[16:55:23] [Client thread/INFO]: [OptiFine] (Reflector) Class not present: net.minecraftforge.client.event.ScreenshotEvent
[16:55:23] [Client thread/INFO]: [OptiFine] (Reflector) Class not present: net.minecraftforge.fml.client.SplashProgress
[16:55:23] [Client thread/INFO]: [OptiFine] (Reflector) Class not present: net.minecraftforge.event.world.WorldEvent$Load
[16:55:23] [Client thread/INFO]: [OptiFine] *** Reflector Vanilla ***
[16:55:23] [Client thread/INFO]: [OptiFine] (Reflector) Field not present: net.minecraft.client.gui.GuiMainMenu.(type: class java.lang.String, index: 0)
[16:55:23] [Client thread/INFO]: [OptiFine] (Reflector) Class not present: optifine.OptiFineClassTransformer
[16:55:23] [Client thread/INFO]: LWJGL Version: 2.9.4
[16:55:23] [Client thread/ERROR]: Couldn't set icon
java.io.FileNotFoundException: suicide/avatar64.jpg
	at net.minecraft.client.resources.DefaultResourcePack.getInputStream(DefaultResourcePack.java:49) ~[1.12.2.jar:?]
	at net.minecraft.client.Minecraft.setWindowIcon(Minecraft.java:778) [1.12.2.jar:?]
	at net.minecraft.client.Minecraft.startGame(Minecraft.java:536) [1.12.2.jar:?]
	at net.minecraft.client.Minecraft.run(Minecraft.java:476) [1.12.2.jar:?]
	at net.minecraft.client.main.Main.main(Main.java:116) [1.12.2.jar:?]
[16:55:23] [Client thread/INFO]: [OptiFine] 
[16:55:23] [Client thread/INFO]: [OptiFine] OptiFine_1.12.2_HD_U_C6
[16:55:23] [Client thread/INFO]: [OptiFine] Build: null
[16:55:23] [Client thread/INFO]: [OptiFine] OS: Windows 10 (amd64) version 10.0
[16:55:23] [Client thread/INFO]: [OptiFine] Java: 1.8.0_51, Oracle Corporation
[16:55:23] [Client thread/INFO]: [OptiFine] VM: Java HotSpot(TM) 64-Bit Server VM (mixed mode), Oracle Corporation
[16:55:23] [Client thread/INFO]: [OptiFine] LWJGL: 2.9.4
[16:55:23] [Client thread/INFO]: [OptiFine] OpenGL: Intel(R) HD Graphics 610, version 4.6.0 - Build 30.0.101.3111, Intel
[16:55:23] [Client thread/INFO]: [OptiFine] OpenGL Version: 4.6.0
[16:55:23] [Client thread/INFO]: [OptiFine] OpenGL Fancy fog: Not available (GL_NV_fog_distance)
[16:55:23] [Client thread/INFO]: [OptiFine] Maximum texture size: 8192x8192
[16:55:23] [Thread-3/INFO]: [OptiFine] Checking for new version
[16:55:23] [Client thread/INFO]: [Shaders] ShadersMod version: 2.4.12
[16:55:23] [Client thread/INFO]: [Shaders] OpenGL Version: 4.6.0 - Build 30.0.101.3111
[16:55:23] [Client thread/INFO]: [Shaders] Vendor:  Intel
[16:55:23] [Client thread/INFO]: [Shaders] Renderer: Intel(R) HD Graphics 610
[16:55:23] [Client thread/INFO]: [Shaders] Capabilities:  2.0  2.1  3.0  3.2  4.0 
[16:55:23] [Client thread/INFO]: [Shaders] GL_MAX_DRAW_BUFFERS: 8
[16:55:23] [Client thread/INFO]: [Shaders] GL_MAX_COLOR_ATTACHMENTS_EXT: 8
[16:55:23] [Client thread/INFO]: [Shaders] GL_MAX_TEXTURE_IMAGE_UNITS: 32
[16:55:23] [Client thread/INFO]: [Shaders] Load ShadersMod configuration.
[16:55:23] [Client thread/INFO]: [Shaders] Save ShadersMod configuration.
[16:55:23] [Client thread/INFO]: [Shaders] No shaderpack loaded.
[16:55:24] [Thread-3/INFO]: [OptiFine] Version found: G5
[16:55:24] [Client thread/INFO]: Reloading ResourceManager: Default
[16:55:24] [Client thread/INFO]: [OptiFine] *** Reloading textures ***
[16:55:24] [Client thread/INFO]: [OptiFine] Resource packs: Default
[16:55:27] [Sound Library Loader/INFO]: Starting up SoundSystem...
[16:55:27] [Thread-6/INFO]: Initializing LWJGL OpenAL
[16:55:27] [Thread-6/INFO]: (The LWJGL binding of OpenAL.  For more information, see http://www.lwjgl.org)
[16:55:28] [Thread-6/INFO]: OpenAL initialized.
[16:55:28] [Sound Library Loader/INFO]: Sound engine started
[16:55:38] [Client thread/INFO]: [OptiFine] Mipmap levels: 4
[16:55:38] [Client thread/INFO]: [OptiFine] Multitexture: false
[16:55:38] [Client thread/INFO]: [OptiFine] ConnectedTextures: mcpatcher/ctm/default/0_glass_white/glass_pane_white.properties
[16:55:38] [Client thread/INFO]: [OptiFine] ConnectedTextures: mcpatcher/ctm/default/0_glass_white/glass_white.properties
[16:55:38] [Client thread/INFO]: [OptiFine] ConnectedTextures: mcpatcher/ctm/default/10_glass_purple/glass_pane_purple.properties
[16:55:38] [Client thread/INFO]: [OptiFine] ConnectedTextures: mcpatcher/ctm/default/10_glass_purple/glass_purple.properties
[16:55:38] [Client thread/INFO]: [OptiFine] ConnectedTextures: mcpatcher/ctm/default/11_glass_blue/glass_blue.properties
[16:55:38] [Client thread/INFO]: [OptiFine] ConnectedTextures: mcpatcher/ctm/default/11_glass_blue/glass_pane_blue.properties
[16:55:38] [Client thread/INFO]: [OptiFine] ConnectedTextures: mcpatcher/ctm/default/12_glass_brown/glass_brown.properties
[16:55:38] [Client thread/INFO]: [OptiFine] ConnectedTextures: mcpatcher/ctm/default/12_glass_brown/glass_pane_brown.properties
[16:55:38] [Client thread/INFO]: [OptiFine] ConnectedTextures: mcpatcher/ctm/default/13_glass_green/glass_green.properties
[16:55:38] [Client thread/INFO]: [OptiFine] ConnectedTextures: mcpatcher/ctm/default/13_glass_green/glass_pane_green.properties
[16:55:38] [Client thread/INFO]: [OptiFine] ConnectedTextures: mcpatcher/ctm/default/14_glass_red/glass_pane_red.properties
[16:55:38] [Client thread/INFO]: [OptiFine] ConnectedTextures: mcpatcher/ctm/default/14_glass_red/glass_red.properties
[16:55:38] [Client thread/INFO]: [OptiFine] ConnectedTextures: mcpatcher/ctm/default/15_glass_black/glass_black.properties
[16:55:39] [Client thread/INFO]: [OptiFine] ConnectedTextures: mcpatcher/ctm/default/15_glass_black/glass_pane_black.properties
[16:55:39] [Client thread/INFO]: [OptiFine] ConnectedTextures: mcpatcher/ctm/default/1_glass_orange/glass_orange.properties
[16:55:39] [Client thread/INFO]: [OptiFine] ConnectedTextures: mcpatcher/ctm/default/1_glass_orange/glass_pane_orange.properties
[16:55:39] [Client thread/INFO]: [OptiFine] ConnectedTextures: mcpatcher/ctm/default/2_glass_magenta/glass_magenta.properties
[16:55:39] [Client thread/INFO]: [OptiFine] ConnectedTextures: mcpatcher/ctm/default/2_glass_magenta/glass_pane_magenta.properties
[16:55:39] [Client thread/INFO]: [OptiFine] ConnectedTextures: mcpatcher/ctm/default/3_glass_light_blue/glass_light_blue.properties
[16:55:39] [Client thread/INFO]: [OptiFine] ConnectedTextures: mcpatcher/ctm/default/3_glass_light_blue/glass_pane_light_blue.properties
[16:55:39] [Client thread/INFO]: [OptiFine] ConnectedTextures: mcpatcher/ctm/default/4_glass_yellow/glass_pane_yellow.properties
[16:55:39] [Client thread/INFO]: [OptiFine] ConnectedTextures: mcpatcher/ctm/default/4_glass_yellow/glass_yellow.properties
[16:55:39] [Client thread/INFO]: [OptiFine] ConnectedTextures: mcpatcher/ctm/default/5_glass_lime/glass_lime.properties
[16:55:39] [Client thread/INFO]: [OptiFine] ConnectedTextures: mcpatcher/ctm/default/5_glass_lime/glass_pane_lime.properties
[16:55:39] [Client thread/INFO]: [OptiFine] ConnectedTextures: mcpatcher/ctm/default/6_glass_pink/glass_pane_pink.properties
[16:55:39] [Client thread/INFO]: [OptiFine] ConnectedTextures: mcpatcher/ctm/default/6_glass_pink/glass_pink.properties
[16:55:39] [Client thread/INFO]: [OptiFine] ConnectedTextures: mcpatcher/ctm/default/7_glass_gray/glass_gray.properties
[16:55:39] [Client thread/INFO]: [OptiFine] ConnectedTextures: mcpatcher/ctm/default/7_glass_gray/glass_pane_gray.properties
[16:55:39] [Client thread/INFO]: [OptiFine] ConnectedTextures: mcpatcher/ctm/default/8_glass_silver/glass_pane_silver.properties
[16:55:39] [Client thread/INFO]: [OptiFine] ConnectedTextures: mcpatcher/ctm/default/8_glass_silver/glass_silver.properties
[16:55:39] [Client thread/INFO]: [OptiFine] ConnectedTextures: mcpatcher/ctm/default/9_glass_cyan/glass_cyan.properties
[16:55:39] [Client thread/INFO]: [OptiFine] ConnectedTextures: mcpatcher/ctm/default/9_glass_cyan/glass_pane_cyan.properties
[16:55:39] [Client thread/INFO]: [OptiFine] ConnectedTextures: mcpatcher/ctm/default/bookshelf.properties
[16:55:39] [Client thread/INFO]: [OptiFine] ConnectedTextures: mcpatcher/ctm/default/glass.properties
[16:55:39] [Client thread/INFO]: [OptiFine] ConnectedTextures: mcpatcher/ctm/default/glasspane.properties
[16:55:39] [Client thread/INFO]: [OptiFine] ConnectedTextures: mcpatcher/ctm/default/sandstone.properties
[16:55:39] [Client thread/INFO]: [OptiFine] Multipass connected textures: false
[16:55:39] [Client thread/INFO]: [OptiFine] BetterGrass: Parsing default configuration optifine/bettergrass.properties
[16:55:41] [Client thread/INFO]: Created: 1024x512 textures-atlas
[16:55:43] [Client thread/INFO]: Narrator library for x64 successfully loaded
[16:55:43] [Client thread/INFO]: [STDERR]: java.io.FileNotFoundException: C:\Suicide.exe\Suicide\AltConfig.json (The system cannot find the path specified)
[16:55:43] [Client thread/INFO]: [STDERR]: 	at java.io.FileOutputStream.open0(Native Method)
[16:55:43] [Client thread/INFO]: [STDERR]: 	at java.io.FileOutputStream.open(FileOutputStream.java:270)
[16:55:43] [Client thread/INFO]: [STDERR]: 	at java.io.FileOutputStream.<init>(FileOutputStream.java:213)
[16:55:43] [Client thread/INFO]: [STDERR]: 	at java.io.FileOutputStream.<init>(FileOutputStream.java:162)
[16:55:43] [Client thread/INFO]: [STDERR]: 	at java.io.FileWriter.<init>(FileWriter.java:90)
[16:55:43] [Client thread/INFO]: [STDERR]: 	at ua.Suicide.wermitist.files.impl.AltConfig.saveFile(AltConfig.java:34)
[16:55:43] [Client thread/INFO]: [STDERR]: 	at ua.Suicide.wermitist.files.FileManager$CustomFile.<init>(FileManager.java:75)
[16:55:43] [Client thread/INFO]: [STDERR]: 	at ua.Suicide.wermitist.files.impl.AltConfig.<init>(AltConfig.java:13)
[16:55:43] [Client thread/INFO]: [STDERR]: 	at ua.Suicide.wermitist.files.FileManager.<init>(FileManager.java:23)
[16:55:43] [Client thread/INFO]: [STDERR]: 	at ua.Suicide.wermitist.Smertnix.init(Smertnix.java:60)
[16:55:43] [Client thread/INFO]: [STDERR]: 	at net.minecraft.client.Minecraft.startGame(Minecraft.java:668)
[16:55:43] [Client thread/INFO]: [STDERR]: 	at net.minecraft.client.Minecraft.run(Minecraft.java:476)
[16:55:43] [Client thread/INFO]: [STDERR]: 	at net.minecraft.client.main.Main.main(Main.java:116)
[16:55:43] [Client thread/INFO]: [STDERR]: java.io.FileNotFoundException: C:\Suicide.exe\Suicide\FriendConfig.json (The system cannot find the path specified)
[16:55:43] [Client thread/INFO]: [STDERR]: 	at java.io.FileOutputStream.open0(Native Method)
[16:55:43] [Client thread/INFO]: [STDERR]: 	at java.io.FileOutputStream.open(FileOutputStream.java:270)
[16:55:43] [Client thread/INFO]: [STDERR]: 	at java.io.FileOutputStream.<init>(FileOutputStream.java:213)
[16:55:43] [Client thread/INFO]: [STDERR]: 	at java.io.FileOutputStream.<init>(FileOutputStream.java:162)
[16:55:43] [Client thread/INFO]: [STDERR]: 	at java.io.FileWriter.<init>(FileWriter.java:90)
[16:55:43] [Client thread/INFO]: [STDERR]: 	at ua.Suicide.wermitist.files.impl.FriendConfig.saveFile(FriendConfig.java:39)
[16:55:43] [Client thread/INFO]: [STDERR]: 	at ua.Suicide.wermitist.files.FileManager$CustomFile.<init>(FileManager.java:75)
[16:55:43] [Client thread/INFO]: [STDERR]: 	at ua.Suicide.wermitist.files.impl.FriendConfig.<init>(FriendConfig.java:15)
[16:55:43] [Client thread/INFO]: [STDERR]: 	at ua.Suicide.wermitist.files.FileManager.<init>(FileManager.java:26)
[16:55:43] [Client thread/INFO]: [STDERR]: 	at ua.Suicide.wermitist.Smertnix.init(Smertnix.java:60)
[16:55:43] [Client thread/INFO]: [STDERR]: 	at net.minecraft.client.Minecraft.startGame(Minecraft.java:668)
[16:55:43] [Client thread/INFO]: [STDERR]: 	at net.minecraft.client.Minecraft.run(Minecraft.java:476)
[16:55:43] [Client thread/INFO]: [STDERR]: 	at net.minecraft.client.main.Main.main(Main.java:116)
[16:55:43] [Client thread/INFO]: [STDERR]: java.io.FileNotFoundException: C:\Suicide.exe\Suicide\AltConfig.json (The system cannot find the path specified)
[16:55:43] [Client thread/INFO]: [STDERR]: 	at java.io.FileInputStream.open0(Native Method)
[16:55:43] [Client thread/INFO]: [STDERR]: 	at java.io.FileInputStream.open(FileInputStream.java:195)
[16:55:43] [Client thread/INFO]: [STDERR]: 	at java.io.FileInputStream.<init>(FileInputStream.java:138)
[16:55:43] [Client thread/INFO]: [STDERR]: 	at java.io.FileReader.<init>(FileReader.java:72)
[16:55:43] [Client thread/INFO]: [STDERR]: 	at ua.Suicide.wermitist.files.impl.AltConfig.loadFile(AltConfig.java:17)
[16:55:43] [Client thread/INFO]: [STDERR]: 	at ua.Suicide.wermitist.files.FileManager.loadFiles(FileManager.java:34)
[16:55:43] [Client thread/INFO]: [STDERR]: 	at ua.Suicide.wermitist.Smertnix.init(Smertnix.java:60)
[16:55:43] [Client thread/INFO]: [STDERR]: 	at net.minecraft.client.Minecraft.startGame(Minecraft.java:668)
[16:55:43] [Client thread/INFO]: [STDERR]: 	at net.minecraft.client.Minecraft.run(Minecraft.java:476)
[16:55:43] [Client thread/INFO]: [STDERR]: 	at net.minecraft.client.main.Main.main(Main.java:116)
[16:55:43] [Client thread/INFO]: [STDERR]: java.io.FileNotFoundException: C:\Suicide.exe\Suicide\FriendConfig.json (The system cannot find the path specified)
[16:55:43] [Client thread/INFO]: [STDERR]: 	at java.io.FileInputStream.open0(Native Method)
[16:55:43] [Client thread/INFO]: [STDERR]: 	at java.io.FileInputStream.open(FileInputStream.java:195)
[16:55:43] [Client thread/INFO]: [STDERR]: 	at java.io.FileInputStream.<init>(FileInputStream.java:138)
[16:55:43] [Client thread/INFO]: [STDERR]: 	at java.io.FileReader.<init>(FileReader.java:72)
[16:55:43] [Client thread/INFO]: [STDERR]: 	at ua.Suicide.wermitist.files.impl.FriendConfig.loadFile(FriendConfig.java:22)
[16:55:43] [Client thread/INFO]: [STDERR]: 	at ua.Suicide.wermitist.files.FileManager.loadFiles(FileManager.java:34)
[16:55:43] [Client thread/INFO]: [STDERR]: 	at ua.Suicide.wermitist.Smertnix.init(Smertnix.java:60)
[16:55:43] [Client thread/INFO]: [STDERR]: 	at net.minecraft.client.Minecraft.startGame(Minecraft.java:668)
[16:55:43] [Client thread/INFO]: [STDERR]: 	at net.minecraft.client.Minecraft.run(Minecraft.java:476)
[16:55:43] [Client thread/INFO]: [STDERR]: 	at net.minecraft.client.main.Main.main(Main.java:116)
[16:55:43] [Client thread/INFO]: [STDERR]: java.io.FileNotFoundException: C:\Suicide.exe\Suicide\FriendConfig.json (The system cannot find the path specified)
[16:55:43] [Client thread/INFO]: [STDERR]: 	at java.io.FileInputStream.open0(Native Method)
[16:55:43] [Client thread/INFO]: [STDERR]: 	at java.io.FileInputStream.open(FileInputStream.java:195)
[16:55:43] [Client thread/INFO]: [STDERR]: 	at java.io.FileInputStream.<init>(FileInputStream.java:138)
[16:55:43] [Client thread/INFO]: [STDERR]: 	at java.io.FileReader.<init>(FileReader.java:72)
[16:55:43] [Client thread/INFO]: [STDERR]: 	at ua.Suicide.wermitist.files.impl.FriendConfig.loadFile(FriendConfig.java:22)
[16:55:43] [Client thread/INFO]: [STDERR]: 	at ua.Suicide.wermitist.Smertnix.init(Smertnix.java:81)
[16:55:43] [Client thread/INFO]: [STDERR]: 	at net.minecraft.client.Minecraft.startGame(Minecraft.java:668)
[16:55:43] [Client thread/INFO]: [STDERR]: 	at net.minecraft.client.Minecraft.run(Minecraft.java:476)
[16:55:43] [Client thread/INFO]: [STDERR]: 	at net.minecraft.client.main.Main.main(Main.java:116)
[16:55:43] [Client thread/INFO]: [OptiFine] *** Reloading custom textures ***
[16:56:41] [Client thread/INFO]: Connecting to mc.reallyworld.me, 25565
[16:56:41] [Client thread/FATAL]: Error executing task
java.util.concurrent.ExecutionException: java.lang.NullPointerException
	at java.util.concurrent.FutureTask.report(FutureTask.java:122) ~[?:1.8.0_51]
	at java.util.concurrent.FutureTask.get(FutureTask.java:192) ~[?:1.8.0_51]
	at net.minecraft.util.Util.runTask(Util.java:48) [1.12.2.jar:?]
	at net.minecraft.client.Minecraft.runGameLoop(Minecraft.java:1134) [1.12.2.jar:?]
	at net.minecraft.client.Minecraft.run(Minecraft.java:489) [1.12.2.jar:?]
	at net.minecraft.client.main.Main.main(Main.java:116) [1.12.2.jar:?]
Caused by: java.lang.NullPointerException
	at net.minecraft.client.network.NetHandlerPlayClient.handlePlayerPosLook(NetHandlerPlayClient.java:653) ~[1.12.2.jar:?]
	at net.minecraft.network.play.server.SPacketPlayerPosLook.processPacket(SPacketPlayerPosLook.java:68) ~[1.12.2.jar:?]
	at net.minecraft.network.play.server.SPacketPlayerPosLook.processPacket(SPacketPlayerPosLook.java:10) ~[1.12.2.jar:?]
	at net.minecraft.network.PacketThreadUtil$1.run(PacketThreadUtil.java:15) ~[1.12.2.jar:?]
	at java.util.concurrent.Executors$RunnableAdapter.call(Executors.java:511) ~[?:1.8.0_51]
	at java.util.concurrent.FutureTask.run(FutureTask.java:266) ~[?:1.8.0_51]
	at net.minecraft.util.Util.runTask(Util.java:47) ~[1.12.2.jar:?]
	... 3 more
[16:56:41] [Client thread/INFO]: Environment: ElyEnvironment[name=ely,authHost=https://authserver.ely.by/auth,accountsHost=https://account.ely.by/api/mojang,sessionHost=https://account.ely.by/api/minecraft/session,servicesHost=<null>]
[16:56:41] [Client thread/INFO]: [CHAT] A new §eOptiFine§f version is available: §eHD Ultra G5§f
[16:56:46] [Client thread/INFO]: [CHAT] 
[16:56:46] [Client thread/INFO]: [CHAT] 
[16:56:46] [Client thread/INFO]: [CHAT] 
[16:56:46] [Client thread/INFO]: [CHAT] 
[16:56:46] [Client thread/INFO]: [CHAT] 
[16:56:46] [Client thread/INFO]: [CHAT] 
[16:56:46] [Client thread/INFO]: [CHAT] 
[16:56:46] [Client thread/INFO]: [CHAT] 
[16:56:46] [Client thread/INFO]: [CHAT] 
[16:56:46] [Client thread/INFO]: [CHAT] 
[16:56:46] [Client thread/INFO]: [CHAT] 
[16:56:46] [Client thread/INFO]: [CHAT] 
[16:56:46] [Client thread/INFO]: [CHAT] 
[16:56:46] [Client thread/INFO]: [CHAT] 
[16:56:46] [Client thread/INFO]: [CHAT] 
[16:56:46] [Client thread/INFO]: [CHAT] 
[16:56:46] [Client thread/INFO]: [CHAT] 
[16:56:46] [Client thread/INFO]: [CHAT] 
[16:56:46] [Client thread/INFO]: [CHAT] 
[16:56:46] [Client thread/INFO]: [CHAT] 
[16:56:46] [Client thread/INFO]: [CHAT] 
[16:56:46] [Client thread/INFO]: [CHAT] 
[16:56:46] [Client thread/INFO]: [CHAT] 
[16:56:46] [Client thread/INFO]: [CHAT] 
[16:56:46] [Client thread/INFO]: [CHAT] 
[16:56:46] [Client thread/INFO]: [CHAT] 
[16:56:46] [Client thread/INFO]: [CHAT] 
[16:56:46] [Client thread/INFO]: [CHAT] 
[16:56:46] [Client thread/INFO]: [CHAT] 
[16:56:46] [Client thread/INFO]: [CHAT] 
[16:56:46] [Client thread/INFO]: [CHAT] 
[16:56:46] [Client thread/INFO]: [CHAT] 
[16:56:46] [Client thread/INFO]: [CHAT] 
[16:56:46] [Client thread/INFO]: [CHAT] 
[16:56:46] [Client thread/INFO]: [CHAT] 
[16:56:46] [Client thread/INFO]: [CHAT] 
[16:56:46] [Client thread/INFO]: [CHAT] 
[16:56:46] [Client thread/INFO]: [CHAT] 
[16:56:46] [Client thread/INFO]: [CHAT] 
[16:56:46] [Client thread/INFO]: [CHAT] 
[16:56:46] [Client thread/INFO]: [CHAT] 
[16:56:46] [Client thread/INFO]: [CHAT] 
[16:56:46] [Client thread/INFO]: [CHAT] 
[16:56:46] [Client thread/INFO]: [CHAT] 
[16:56:46] [Client thread/INFO]: [CHAT] 
[16:56:46] [Client thread/INFO]: [CHAT] 
[16:56:46] [Client thread/INFO]: [CHAT] 
[16:56:46] [Client thread/INFO]: [CHAT] 
[16:56:46] [Client thread/INFO]: [CHAT] 
[16:56:46] [Client thread/INFO]: [CHAT] 
[16:56:46] [Client thread/INFO]: [CHAT] §6АнтиБот §7» §fИдёт дополнительная проверка, пожалуйста, §6подождите
[16:56:46] [Client thread/INFO]: [STDERR]: java.io.FileNotFoundException: minecraft:vertex.vsh
[16:56:46] [Client thread/INFO]: [STDERR]: 	at net.minecraft.client.resources.FallbackResourceManager.getResource(FallbackResourceManager.java:66)
[16:56:46] [Client thread/INFO]: [STDERR]: 	at net.minecraft.client.resources.SimpleReloadableResourceManager.getResource(SimpleReloadableResourceManager.java:62)
[16:56:46] [Client thread/INFO]: [STDERR]: 	at ua.Suicide.wermitist.utils.render.ShaderUtil.<init>(ShaderUtil.java:41)
[16:56:46] [Client thread/INFO]: [STDERR]: 	at ua.Suicide.wermitist.utils.render.ShaderUtil.<init>(ShaderUtil.java:59)
[16:56:46] [Client thread/INFO]: [STDERR]: 	at ua.Suicide.wermitist.utils.render.RoundedUtil.<clinit>(RoundedUtil.java:12)
[16:56:46] [Client thread/INFO]: [STDERR]: 	at ua.Suicide.wermitist.ui.celestun4ik.panelcomponent.drawComponent(panelcomponent.java:89)
[16:56:46] [Client thread/INFO]: [STDERR]: 	at ua.Suicide.wermitist.ui.celestun4ik.guiscreencomponent.drawScreen(guiscreencomponent.java:70)
[16:56:46] [Client thread/INFO]: [STDERR]: 	at net.minecraft.client.renderer.EntityRenderer.updateCameraAndRender(EntityRenderer.java:1298)
[16:56:46] [Client thread/INFO]: [STDERR]: 	at net.minecraft.client.Minecraft.runGameLoop(Minecraft.java:1162)
[16:56:46] [Client thread/INFO]: [STDERR]: 	at net.minecraft.client.Minecraft.run(Minecraft.java:489)
[16:56:46] [Client thread/INFO]: [STDERR]: 	at net.minecraft.client.main.Main.main(Main.java:116)
[16:56:46] [Client thread/INFO]: [STDERR]: java.io.FileNotFoundException: minecraft:vertex.vsh
[16:56:46] [Client thread/INFO]: [STDERR]: 	at net.minecraft.client.resources.FallbackResourceManager.getResource(FallbackResourceManager.java:66)
[16:56:46] [Client thread/INFO]: [STDERR]: 	at net.minecraft.client.resources.SimpleReloadableResourceManager.getResource(SimpleReloadableResourceManager.java:62)
[16:56:46] [Client thread/INFO]: [STDERR]: 	at ua.Suicide.wermitist.utils.render.ShaderUtil.<init>(ShaderUtil.java:41)
[16:56:46] [Client thread/INFO]: [STDERR]: 	at ua.Suicide.wermitist.utils.render.ShaderUtil.<init>(ShaderUtil.java:59)
[16:56:46] [Client thread/INFO]: [STDERR]: 	at ua.Suicide.wermitist.utils.render.RoundedUtil.<clinit>(RoundedUtil.java:13)
[16:56:46] [Client thread/INFO]: [STDERR]: 	at ua.Suicide.wermitist.ui.celestun4ik.panelcomponent.drawComponent(panelcomponent.java:89)
[16:56:46] [Client thread/INFO]: [STDERR]: 	at ua.Suicide.wermitist.ui.celestun4ik.guiscreencomponent.drawScreen(guiscreencomponent.java:70)
[16:56:46] [Client thread/INFO]: [STDERR]: 	at net.minecraft.client.renderer.EntityRenderer.updateCameraAndRender(EntityRenderer.java:1298)
[16:56:46] [Client thread/INFO]: [STDERR]: 	at net.minecraft.client.Minecraft.runGameLoop(Minecraft.java:1162)
[16:56:46] [Client thread/INFO]: [STDERR]: 	at net.minecraft.client.Minecraft.run(Minecraft.java:489)
[16:56:46] [Client thread/INFO]: [STDERR]: 	at net.minecraft.client.main.Main.main(Main.java:116)
[16:56:46] [Client thread/INFO]: [STDERR]: java.io.FileNotFoundException: minecraft:vertex.vsh
[16:56:46] [Client thread/INFO]: [STDERR]: 	at net.minecraft.client.resources.FallbackResourceManager.getResource(FallbackResourceManager.java:66)
[16:56:46] [Client thread/INFO]: [STDERR]: 	at net.minecraft.client.resources.SimpleReloadableResourceManager.getResource(SimpleReloadableResourceManager.java:62)
[16:56:46] [Client thread/INFO]: [STDERR]: 	at ua.Suicide.wermitist.utils.render.ShaderUtil.<init>(ShaderUtil.java:41)
[16:56:46] [Client thread/INFO]: [STDERR]: 	at ua.Suicide.wermitist.utils.render.ShaderUtil.<init>(ShaderUtil.java:59)
[16:56:46] [Client thread/INFO]: [STDERR]: 	at ua.Suicide.wermitist.utils.render.RoundedUtil.<clinit>(RoundedUtil.java:14)
[16:56:46] [Client thread/INFO]: [STDERR]: 	at ua.Suicide.wermitist.ui.celestun4ik.panelcomponent.drawComponent(panelcomponent.java:89)
[16:56:46] [Client thread/INFO]: [STDERR]: 	at ua.Suicide.wermitist.ui.celestun4ik.guiscreencomponent.drawScreen(guiscreencomponent.java:70)
[16:56:46] [Client thread/INFO]: [STDERR]: 	at net.minecraft.client.renderer.EntityRenderer.updateCameraAndRender(EntityRenderer.java:1298)
[16:56:46] [Client thread/INFO]: [STDERR]: 	at net.minecraft.client.Minecraft.runGameLoop(Minecraft.java:1162)
[16:56:46] [Client thread/INFO]: [STDERR]: 	at net.minecraft.client.Minecraft.run(Minecraft.java:489)
[16:56:46] [Client thread/INFO]: [STDERR]: 	at net.minecraft.client.main.Main.main(Main.java:116)
[16:56:47] [Client thread/INFO]: [STDERR]: java.io.FileNotFoundException: minecraft:vertex.vsh
[16:56:47] [Client thread/INFO]: [STDERR]: 	at net.minecraft.client.resources.FallbackResourceManager.getResource(FallbackResourceManager.java:66)
[16:56:47] [Client thread/INFO]: [STDERR]: 	at net.minecraft.client.resources.SimpleReloadableResourceManager.getResource(SimpleReloadableResourceManager.java:62)
[16:56:47] [Client thread/INFO]: [STDERR]: 	at ua.Suicide.wermitist.utils.render.ShaderUtil.<init>(ShaderUtil.java:41)
[16:56:47] [Client thread/INFO]: [STDERR]: 	at ua.Suicide.wermitist.utils.render.ShaderUtil.<init>(ShaderUtil.java:59)
[16:56:47] [Client thread/INFO]: [STDERR]: 	at ua.Suicide.wermitist.utils.render.RoundedUtil.<clinit>(RoundedUtil.java:15)
[16:56:47] [Client thread/INFO]: [STDERR]: 	at ua.Suicide.wermitist.ui.celestun4ik.panelcomponent.drawComponent(panelcomponent.java:89)
[16:56:47] [Client thread/INFO]: [STDERR]: 	at ua.Suicide.wermitist.ui.celestun4ik.guiscreencomponent.drawScreen(guiscreencomponent.java:70)
[16:56:47] [Client thread/INFO]: [STDERR]: 	at net.minecraft.client.renderer.EntityRenderer.updateCameraAndRender(EntityRenderer.java:1298)
[16:56:47] [Client thread/INFO]: [STDERR]: 	at net.minecraft.client.Minecraft.runGameLoop(Minecraft.java:1162)
[16:56:47] [Client thread/INFO]: [STDERR]: 	at net.minecraft.client.Minecraft.run(Minecraft.java:489)
[16:56:47] [Client thread/INFO]: [STDERR]: 	at net.minecraft.client.main.Main.main(Main.java:116)
[16:56:47] [Client thread/INFO]: [CHAT] \n\n\n\n\n\n\n\n\n\n\n\n\n\n\n\n\n\n\n\n\n\n\n\n\n\n\n\n\n\n
[16:56:47] [Client thread/INFO]: [CHAT] §6АнтиБот §7» §fПожалуйста, пройдите дополнительную проверку\n§6АнтиБот §7» §6§l1. §fПерейдите на наш сайт по ссылке ниже\n§6АнтиБот §7» §6§l2. §fПройдите §6CAPTCHA\n§6АнтиБот §7» §6§l3. §fВернитесь в игру\n\n§6https://captcha.reallyworld.ru/authorize/U3dhaW1YOmVkZTFjMTMyYmFlMWQyNzk3YjM4NzJjMWMxMDU0YzY1 §f(кликабельно)
[16:56:51] [Client thread/INFO]: [CHAT] \n\n\n\n\n\n\n\n\n\n\n\n\n\n\n\n\n\n\n\n\n\n\n\n\n\n\n\n\n\n
[16:56:51] [Client thread/INFO]: [CHAT] §6АнтиБот §7» §fПожалуйста, пройдите дополнительную проверку\n§6АнтиБот §7» §6§l1. §fПерейдите на наш сайт по ссылке ниже\n§6АнтиБот §7» §6§l2. §fПройдите §6CAPTCHA\n§6АнтиБот §7» §6§l3. §fВернитесь в игру\n\n§6https://captcha.reallyworld.ru/authorize/U3dhaW1YOmVkZTFjMTMyYmFlMWQyNzk3YjM4NzJjMWMxMDU0YzY1 §f(кликабельно)
[16:56:56] [Client thread/INFO]: [CHAT] \n\n\n\n\n\n\n\n\n\n\n\n\n\n\n\n\n\n\n\n\n\n\n\n\n\n\n\n\n\n
[16:56:56] [Client thread/INFO]: [CHAT] §6АнтиБот §7» §fПожалуйста, пройдите дополнительную проверку\n§6АнтиБот §7» §6§l1. §fПерейдите на наш сайт по ссылке ниже\n§6АнтиБот §7» §6§l2. §fПройдите §6CAPTCHA\n§6АнтиБот §7» §6§l3. §fВернитесь в игру\n\n§6https://captcha.reallyworld.ru/authorize/U3dhaW1YOmVkZTFjMTMyYmFlMWQyNzk3YjM4NzJjMWMxMDU0YzY1 §f(кликабельно)
[16:57:01] [Client thread/INFO]: [CHAT] \n\n\n\n\n\n\n\n\n\n\n\n\n\n\n\n\n\n\n\n\n\n\n\n\n\n\n\n\n\n
[16:57:01] [Client thread/INFO]: [CHAT] §6АнтиБот §7» §fПожалуйста, пройдите дополнительную проверку\n§6АнтиБот §7» §6§l1. §fПерейдите на наш сайт по ссылке ниже\n§6АнтиБот §7» §6§l2. §fПройдите §6CAPTCHA\n§6АнтиБот §7» §6§l3. §fВернитесь в игру\n\n§6https://captcha.reallyworld.ru/authorize/U3dhaW1YOmVkZTFjMTMyYmFlMWQyNzk3YjM4NzJjMWMxMDU0YzY1 §f(кликабельно)
[16:57:06] [Client thread/INFO]: [CHAT] \n\n\n\n\n\n\n\n\n\n\n\n\n\n\n\n\n\n\n\n\n\n\n\n\n\n\n\n\n\n
[16:57:06] [Client thread/INFO]: [CHAT] §6АнтиБот §7» §fПожалуйста, пройдите дополнительную проверку\n§6АнтиБот §7» §6§l1. §fПерейдите на наш сайт по ссылке ниже\n§6АнтиБот §7» §6§l2. §fПройдите §6CAPTCHA\n§6АнтиБот §7» §6§l3. §fВернитесь в игру\n\n§6https://captcha.reallyworld.ru/authorize/U3dhaW1YOmVkZTFjMTMyYmFlMWQyNzk3YjM4NzJjMWMxMDU0YzY1 §f(кликабельно)
[16:57:11] [Client thread/INFO]: [CHAT] §6АнтиБот §7» §aДополнительная проверка пройдена
[16:57:11] [Client thread/INFO]: [CHAT] 
[16:57:11] [Client thread/INFO]: [CHAT] 
[16:57:11] [Client thread/INFO]: [CHAT] 
[16:57:11] [Client thread/INFO]: [CHAT] 
[16:57:11] [Client thread/INFO]: [CHAT] 
[16:57:11] [Client thread/INFO]: [CHAT] 
[16:57:11] [Client thread/INFO]: [CHAT] 
[16:57:11] [Client thread/INFO]: [CHAT] 
[16:57:11] [Client thread/INFO]: [CHAT] 
[16:57:11] [Client thread/INFO]: [CHAT] 
[16:57:11] [Client thread/INFO]: [CHAT] 
[16:57:11] [Client thread/INFO]: [CHAT] 
[16:57:11] [Client thread/INFO]: [CHAT] 
[16:57:11] [Client thread/INFO]: [CHAT] 
[16:57:11] [Client thread/INFO]: [CHAT] 
[16:57:11] [Client thread/INFO]: [CHAT] 
[16:57:11] [Client thread/INFO]: [CHAT] 
[16:57:11] [Client thread/INFO]: [CHAT] 
[16:57:11] [Client thread/INFO]: [CHAT] 
[16:57:11] [Client thread/INFO]: [CHAT] 
[16:57:11] [Client thread/INFO]: [CHAT] 
[16:57:11] [Client thread/INFO]: [CHAT] 
[16:57:11] [Client thread/INFO]: [CHAT] 
[16:57:11] [Client thread/INFO]: [CHAT] 
[16:57:11] [Client thread/INFO]: [CHAT] 
[16:57:11] [Client thread/INFO]: [CHAT] 
[16:57:11] [Client thread/INFO]: [CHAT] 
[16:57:11] [Client thread/INFO]: [CHAT] 
[16:57:11] [Client thread/INFO]: [CHAT] 
[16:57:11] [Client thread/INFO]: [CHAT] 
[16:57:11] [Client thread/INFO]: [CHAT] 
[16:57:11] [Client thread/INFO]: [CHAT] 
[16:57:11] [Client thread/INFO]: [CHAT] 
[16:57:11] [Client thread/INFO]: [CHAT] 
[16:57:11] [Client thread/INFO]: [CHAT] 
[16:57:11] [Client thread/INFO]: [CHAT] 
[16:57:11] [Client thread/INFO]: [CHAT] 
[16:57:11] [Client thread/INFO]: [CHAT] 
[16:57:11] [Client thread/INFO]: [CHAT] 
[16:57:11] [Client thread/INFO]: [CHAT] 
[16:57:11] [Client thread/INFO]: [CHAT] 
[16:57:11] [Client thread/INFO]: [CHAT] 
[16:57:11] [Client thread/INFO]: [CHAT] 
[16:57:11] [Client thread/INFO]: [CHAT] 
[16:57:11] [Client thread/INFO]: [CHAT] 
[16:57:11] [Client thread/INFO]: [CHAT] 
[16:57:11] [Client thread/INFO]: [CHAT] 
[16:57:11] [Client thread/INFO]: [CHAT] 
[16:57:11] [Client thread/INFO]: [CHAT] 
[16:57:11] [Client thread/INFO]: [CHAT] 
[16:57:11] [Client thread/INFO]: [CHAT] 
[16:57:11] [Client thread/INFO]: [CHAT] 
[16:57:11] [Client thread/INFO]: [CHAT] 
[16:57:11] [Client thread/INFO]: [CHAT] 
[16:57:11] [Client thread/INFO]: [CHAT] 
[16:57:11] [Client thread/INFO]: [CHAT] 
[16:57:11] [Client thread/INFO]: [CHAT] 
[16:57:11] [Client thread/INFO]: [CHAT] 
[16:57:11] [Client thread/INFO]: [CHAT] 
[16:57:11] [Client thread/INFO]: [CHAT] 
[16:57:11] [Client thread/INFO]: [CHAT] 
[16:57:11] [Client thread/INFO]: [CHAT] 
[16:57:11] [Client thread/INFO]: [CHAT] 
[16:57:11] [Client thread/INFO]: [CHAT] 
[16:57:11] [Client thread/INFO]: [CHAT] 
[16:57:11] [Client thread/INFO]: [CHAT] 
[16:57:11] [Client thread/INFO]: [CHAT] 
[16:57:11] [Client thread/INFO]: [CHAT] 
[16:57:11] [Client thread/INFO]: [CHAT] 
[16:57:11] [Client thread/INFO]: [CHAT] 
[16:57:11] [Client thread/INFO]: [CHAT] 
[16:57:11] [Client thread/INFO]: [CHAT] 
[16:57:11] [Client thread/INFO]: [CHAT] 
[16:57:11] [Client thread/INFO]: [CHAT] 
[16:57:11] [Client thread/INFO]: [CHAT] 
[16:57:11] [Client thread/INFO]: [CHAT] 
[16:57:11] [Client thread/INFO]: [CHAT] 
[16:57:11] [Client thread/INFO]: [CHAT] 
[16:57:11] [Client thread/INFO]: [CHAT] 
[16:57:11] [Client thread/INFO]: [CHAT] 
[16:57:11] [Client thread/INFO]: [CHAT] 
[16:57:11] [Client thread/INFO]: [CHAT] 
[16:57:11] [Client thread/INFO]: [CHAT] 
[16:57:11] [Client thread/INFO]: [CHAT] 
[16:57:11] [Client thread/INFO]: [CHAT] 
[16:57:11] [Client thread/INFO]: [CHAT] 
[16:57:11] [Client thread/INFO]: [CHAT] 
[16:57:12] [Client thread/INFO]: [CHAT] 
[16:57:12] [Client thread/INFO]: [CHAT] 
[16:57:12] [Client thread/INFO]: [CHAT] 
[16:57:12] [Client thread/INFO]: [CHAT] 
[16:57:12] [Client thread/INFO]: [CHAT] 
[16:57:12] [Client thread/INFO]: [CHAT] 
[16:57:12] [Client thread/INFO]: [CHAT] 
[16:57:12] [Client thread/INFO]: [CHAT] 
[16:57:12] [Client thread/INFO]: [CHAT] 
[16:57:12] [Client thread/INFO]: [CHAT] 
[16:57:12] [Client thread/INFO]: [CHAT] 
[16:57:12] [Client thread/INFO]: [CHAT] 
[16:57:12] [Client thread/INFO]: [CHAT] 
[16:57:12] [Client thread/INFO]: [CHAT] §6Авторизация §7» §fДобро пожаловать на ReallyWorld, §6SwaimX\n§6Авторизация §7» §fЕсли вы зашли впервые, данный аккаунт уже был §6зарегистрирован\n§6Авторизация §7» §fи вам стоит сменить никнейм.
[16:57:12] [Client thread/INFO]: [CHAT] §6Авторизация §7» §fАвторизуйтесь: §6/login Пароль
[16:57:17] [Client thread/INFO]: [CHAT] §6Авторизация §7» §fАвторизуйтесь: §6/login Пароль
[16:57:18] [Client thread/INFO]: [CHAT] §6Авторизация §7» §aАвторизация успешна
[16:57:18] [Client thread/INFO]: Environment: ElyEnvironment[name=ely,authHost=https://authserver.ely.by/auth,accountsHost=https://account.ely.by/api/mojang,sessionHost=https://account.ely.by/api/minecraft/session,servicesHost=<null>]
[16:57:18] [Client thread/INFO]: Environment: ElyEnvironment[name=ely,authHost=https://authserver.ely.by/auth,accountsHost=https://account.ely.by/api/mojang,sessionHost=https://account.ely.by/api/minecraft/session,servicesHost=<null>]
[16:58:00] [Client thread/INFO]: Environment: ElyEnvironment[name=ely,authHost=https://authserver.ely.by/auth,accountsHost=https://account.ely.by/api/mojang,sessionHost=https://account.ely.by/api/minecraft/session,servicesHost=<null>]
[16:58:00] [Client thread/INFO]: Environment: ElyEnvironment[name=ely,authHost=https://authserver.ely.by/auth,accountsHost=https://account.ely.by/api/mojang,sessionHost=https://account.ely.by/api/minecraft/session,servicesHost=<null>]
[16:58:01] [Client thread/WARN]: Received passengers for unknown entity
[16:58:01] [Client thread/WARN]: Received passengers for unknown entity
[16:58:01] [Client thread/WARN]: Received passengers for unknown entity
[16:58:01] [Client thread/INFO]: [CHAT] ▣ [WeatherTeam] OVERLORD zxc_timoxa » тп кому нужна фармилка гастов
[16:58:03] [Client thread/INFO]: Environment: ElyEnvironment[name=ely,authHost=https://authserver.ely.by/auth,accountsHost=https://account.ely.by/api/mojang,sessionHost=https://account.ely.by/api/minecraft/session,servicesHost=<null>]
[16:58:03] [Client thread/INFO]: Environment: ElyEnvironment[name=ely,authHost=https://authserver.ely.by/auth,accountsHost=https://account.ely.by/api/mojang,sessionHost=https://account.ely.by/api/minecraft/session,servicesHost=<null>]
[16:58:03] [Client thread/WARN]: Received passengers for unknown entity
[16:58:04] [Client thread/WARN]: Received passengers for unknown entity
[16:58:04] [Client thread/WARN]: Received passengers for unknown entity
[16:58:09] [Client thread/INFO]: [CHAT] ▣ [freez] TITAN Freddy1000 » zxc timoxa
[16:58:10] [Client thread/INFO]: [CHAT] ▣ [drowshi] TITAN ImLoveSkill » кто пвп тп чек голым
[16:58:16] [Client thread/INFO]: [CHAT] ▣ [freez] TITAN Freddy1000 » zxc timoxa гриф
[16:58:16] [Client thread/INFO]: Environment: ElyEnvironment[name=ely,authHost=https://authserver.ely.by/auth,accountsHost=https://account.ely.by/api/mojang,sessionHost=https://account.ely.by/api/minecraft/session,servicesHost=<null>]
[16:58:16] [Client thread/INFO]: Environment: ElyEnvironment[name=ely,authHost=https://authserver.ely.by/auth,accountsHost=https://account.ely.by/api/mojang,sessionHost=https://account.ely.by/api/minecraft/session,servicesHost=<null>]
[16:58:16] [Client thread/INFO]: [CHAT] Ртп » Вы были успешно телепортированы, приятной игры!
[16:58:16] [Client thread/INFO]: [CHAT] Ртп » Ваши координаты: -645 93 367
[16:58:30] [Client thread/FATAL]: Error executing task
java.util.concurrent.ExecutionException: java.lang.IllegalStateException: Player is either on another team or not on any team. Cannot remove from team 'collideRule_1240'.
	at java.util.concurrent.FutureTask.report(FutureTask.java:122) ~[?:1.8.0_51]
	at java.util.concurrent.FutureTask.get(FutureTask.java:192) ~[?:1.8.0_51]
	at net.minecraft.util.Util.runTask(Util.java:48) [1.12.2.jar:?]
	at net.minecraft.client.Minecraft.runGameLoop(Minecraft.java:1134) [1.12.2.jar:?]
	at net.minecraft.client.Minecraft.run(Minecraft.java:489) [1.12.2.jar:?]
	at net.minecraft.client.main.Main.main(Main.java:116) [1.12.2.jar:?]
Caused by: java.lang.IllegalStateException: Player is either on another team or not on any team. Cannot remove from team 'collideRule_1240'.
	at net.minecraft.scoreboard.Scoreboard.removePlayerFromTeam(Scoreboard.java:298) ~[1.12.2.jar:?]
	at net.minecraft.client.network.NetHandlerPlayClient.handleTeams(NetHandlerPlayClient.java:1809) ~[1.12.2.jar:?]
	at net.minecraft.network.play.server.SPacketTeams.processPacket(SPacketTeams.java:147) ~[1.12.2.jar:?]
	at net.minecraft.network.play.server.SPacketTeams.processPacket(SPacketTeams.java:12) ~[1.12.2.jar:?]
	at net.minecraft.network.PacketThreadUtil$1.run(PacketThreadUtil.java:15) ~[1.12.2.jar:?]
	at java.util.concurrent.Executors$RunnableAdapter.call(Executors.java:511) ~[?:1.8.0_51]
	at java.util.concurrent.FutureTask.run(FutureTask.java:266) ~[?:1.8.0_51]
	at net.minecraft.util.Util.runTask(Util.java:47) ~[1.12.2.jar:?]
	... 3 more
[16:58:36] [Client thread/INFO]: [CHAT] Дуэли » Игрок bebriklolka222 победил игрока nikita_kakiw
[16:58:40] [Client thread/INFO]: [CHAT] Дуэли » Игрок taser123 победил игрока Drumbordik
[16:58:43] [Client thread/INFO]: [CHAT] ▣ HERO zentrooox_fan » тп магаз большой асортимент
[16:58:49] [Client thread/FATAL]: Error executing task
java.util.concurrent.ExecutionException: java.lang.IllegalStateException: Player is either on another team or not on any team. Cannot remove from team 'collideRule_1240'.
	at java.util.concurrent.FutureTask.report(FutureTask.java:122) ~[?:1.8.0_51]
	at java.util.concurrent.FutureTask.get(FutureTask.java:192) ~[?:1.8.0_51]
	at net.minecraft.util.Util.runTask(Util.java:48) [1.12.2.jar:?]
	at net.minecraft.client.Minecraft.runGameLoop(Minecraft.java:1134) [1.12.2.jar:?]
	at net.minecraft.client.Minecraft.run(Minecraft.java:489) [1.12.2.jar:?]
	at net.minecraft.client.main.Main.main(Main.java:116) [1.12.2.jar:?]
Caused by: java.lang.IllegalStateException: Player is either on another team or not on any team. Cannot remove from team 'collideRule_1240'.
	at net.minecraft.scoreboard.Scoreboard.removePlayerFromTeam(Scoreboard.java:298) ~[1.12.2.jar:?]
	at net.minecraft.client.network.NetHandlerPlayClient.handleTeams(NetHandlerPlayClient.java:1809) ~[1.12.2.jar:?]
	at net.minecraft.network.play.server.SPacketTeams.processPacket(SPacketTeams.java:147) ~[1.12.2.jar:?]
	at net.minecraft.network.play.server.SPacketTeams.processPacket(SPacketTeams.java:12) ~[1.12.2.jar:?]
	at net.minecraft.network.PacketThreadUtil$1.run(PacketThreadUtil.java:15) ~[1.12.2.jar:?]
	at java.util.concurrent.Executors$RunnableAdapter.call(Executors.java:511) ~[?:1.8.0_51]
	at java.util.concurrent.FutureTask.run(FutureTask.java:266) ~[?:1.8.0_51]
	at net.minecraft.util.Util.runTask(Util.java:47) ~[1.12.2.jar:?]
	... 3 more
[16:58:50] [Client thread/INFO]: [CHAT] ▣ and33re3i » кто пвп в кит старте тп
[16:59:09] [Client thread/INFO]: [CHAT] §cВы§f §f§cбыли§f §f§cкикнуты§f §f§cза§f §f§cиспользование§f §f§cчитов
[16:59:09] [Client thread/INFO]: Environment: ElyEnvironment[name=ely,authHost=https://authserver.ely.by/auth,accountsHost=https://account.ely.by/api/mojang,sessionHost=https://account.ely.by/api/minecraft/session,servicesHost=<null>]
[16:59:09] [Client thread/INFO]: Environment: ElyEnvironment[name=ely,authHost=https://authserver.ely.by/auth,accountsHost=https://account.ely.by/api/mojang,sessionHost=https://account.ely.by/api/minecraft/session,servicesHost=<null>]
